<?xml version="1.0" encoding="UTF-8"?>
<!-- Generated by org.testng.reporters.JUnitReportReporter -->
<testsuite hostname="MSI" failures="0" tests="1" name="nftTicketing.Signin" time="27.271" errors="0" timestamp="6 Jul 2022 16:41:58 GMT">
  <testcase classname="nftTicketing.Signin" name="SiginPage" time="27.271"/>
</testsuite> <!-- nftTicketing.Signin -->
