<?xml version="1.0" encoding="UTF-8"?>
<!-- Generated by org.testng.reporters.JUnitReportReporter -->
<testsuite hostname="MSI" failures="0" tests="1" name="nftTicketing.LoginIncorrectData" time="6.244" errors="0" timestamp="7 Jul 2022 08:41:29 GMT">
  <testcase classname="nftTicketing.LoginIncorrectData" name="LoginInvalidData" time="6.244"/>
</testsuite> <!-- nftTicketing.LoginIncorrectData -->
