<?xml version="1.0" encoding="UTF-8"?>
<!-- Generated by org.testng.reporters.JUnitReportReporter -->
<testsuite hostname="MSI" failures="0" tests="1" name="nftTicketing.LoginValidCredentials" time="13.205" errors="0" timestamp="7 Jul 2022 08:41:29 GMT">
  <testcase classname="nftTicketing.LoginValidCredentials" name="LoginValidCredential" time="13.205"/>
</testsuite> <!-- nftTicketing.LoginValidCredentials -->
